<?xml version="1.0" encoding="UTF-8"?>
<!-- Generated by org.testng.reporters.JUnitReportReporter -->
<testsuite hostname="pc0438.radixweb.local" failures="0" tests="6" name="StepDef.TestNGCucumberRunner" time="33.449" errors="0" timestamp="2024-06-24T12:06:18 IST" skipped="0">
  <testcase classname="StepDef.TestNGCucumberRunner" name="runScenario" time="4.690"/>
  <testcase classname="StepDef.TestNGCucumberRunner" name="runScenario" time="8.427"/>
  <testcase classname="StepDef.TestNGCucumberRunner" name="runScenario" time="7.349"/>
  <testcase classname="StepDef.TestNGCucumberRunner" name="runScenario" time="4.683"/>
  <testcase classname="StepDef.TestNGCucumberRunner" name="runScenario" time="4.933"/>
  <testcase classname="StepDef.TestNGCucumberRunner" name="runScenario" time="3.367"/>
</testsuite> <!-- StepDef.TestNGCucumberRunner -->
