<?xml version="1.0" encoding="UTF-8"?>
<!-- Generated by org.testng.reporters.JUnitReportReporter -->
<testsuite hostname="pc0438.radixweb.local" failures="0" tests="6" name="StepDef.TestNGCucumberRunner" time="6.483" errors="5" timestamp="2024-06-26T17:14:48 IST" skipped="0">
  <testcase classname="StepDef.TestNGCucumberRunner" name="runScenario" time="0.103">
    <error message="Cannot invoke &quot;org.openqa.selenium.WebDriver.getCurrentUrl()&quot; because &quot;BaseClass.BaseMethods.driver&quot; is null" type="java.lang.NullPointerException">
      <![CDATA[java.lang.NullPointerException: Cannot invoke "org.openqa.selenium.WebDriver.getCurrentUrl()" because "BaseClass.BaseMethods.driver" is null
at BaseClass.BaseMethods.verifyPageUrl(BaseMethods.java:128)
at StepDef.advisorMangement.user_is_on_advisor_management_screen(advisorMangement.java:18)
at ✽.User is on Advisor Management screen.(file:///Users/mohammadakram.saiyed/git/Formdepotjava/Desktop/FormDepotAdminPanelBDD/src/test/resources/Features/2_AdvisorManagement.feature:5)
]]>
    </error>
  </testcase> <!-- runScenario -->
  <testcase classname="StepDef.TestNGCucumberRunner" name="runScenario" time="0.105">
    <error message="Cannot invoke &quot;org.openqa.selenium.WebDriver.getCurrentUrl()&quot; because &quot;BaseClass.BaseMethods.driver&quot; is null" type="java.lang.NullPointerException">
      <![CDATA[java.lang.NullPointerException: Cannot invoke "org.openqa.selenium.WebDriver.getCurrentUrl()" because "BaseClass.BaseMethods.driver" is null
at BaseClass.BaseMethods.verifyPageUrl(BaseMethods.java:128)
at StepDef.advisorMangement.user_is_on_advisor_management_screen(advisorMangement.java:18)
at ✽.User is on Advisor Management screen.(file:///Users/mohammadakram.saiyed/git/Formdepotjava/Desktop/FormDepotAdminPanelBDD/src/test/resources/Features/2_AdvisorManagement.feature:5)
]]>
    </error>
  </testcase> <!-- runScenario -->
  <testcase classname="StepDef.TestNGCucumberRunner" name="runScenario" time="0.097">
    <error message="Cannot invoke &quot;org.openqa.selenium.WebDriver.getCurrentUrl()&quot; because &quot;BaseClass.BaseMethods.driver&quot; is null" type="java.lang.NullPointerException">
      <![CDATA[java.lang.NullPointerException: Cannot invoke "org.openqa.selenium.WebDriver.getCurrentUrl()" because "BaseClass.BaseMethods.driver" is null
at BaseClass.BaseMethods.verifyPageUrl(BaseMethods.java:128)
at StepDef.advisorMangement.user_is_on_advisor_management_screen(advisorMangement.java:18)
at ✽.User is on Advisor Management screen.(file:///Users/mohammadakram.saiyed/git/Formdepotjava/Desktop/FormDepotAdminPanelBDD/src/test/resources/Features/2_AdvisorManagement.feature:5)
]]>
    </error>
  </testcase> <!-- runScenario -->
  <testcase classname="StepDef.TestNGCucumberRunner" name="runScenario" time="0.097">
    <error message="Cannot invoke &quot;org.openqa.selenium.WebDriver.getCurrentUrl()&quot; because &quot;BaseClass.BaseMethods.driver&quot; is null" type="java.lang.NullPointerException">
      <![CDATA[java.lang.NullPointerException: Cannot invoke "org.openqa.selenium.WebDriver.getCurrentUrl()" because "BaseClass.BaseMethods.driver" is null
at BaseClass.BaseMethods.verifyPageUrl(BaseMethods.java:128)
at StepDef.advisorMangement.user_is_on_advisor_management_screen(advisorMangement.java:18)
at ✽.User is on Advisor Management screen.(file:///Users/mohammadakram.saiyed/git/Formdepotjava/Desktop/FormDepotAdminPanelBDD/src/test/resources/Features/2_AdvisorManagement.feature:5)
]]>
    </error>
  </testcase> <!-- runScenario -->
  <testcase classname="StepDef.TestNGCucumberRunner" name="runScenario" time="0.104">
    <error message="Cannot invoke &quot;org.openqa.selenium.WebDriver.getCurrentUrl()&quot; because &quot;BaseClass.BaseMethods.driver&quot; is null" type="java.lang.NullPointerException">
      <![CDATA[java.lang.NullPointerException: Cannot invoke "org.openqa.selenium.WebDriver.getCurrentUrl()" because "BaseClass.BaseMethods.driver" is null
at BaseClass.BaseMethods.verifyPageUrl(BaseMethods.java:128)
at StepDef.advisorMangement.user_is_on_advisor_management_screen(advisorMangement.java:18)
at ✽.User is on Advisor Management screen.(file:///Users/mohammadakram.saiyed/git/Formdepotjava/Desktop/FormDepotAdminPanelBDD/src/test/resources/Features/2_AdvisorManagement.feature:18)
]]>
    </error>
  </testcase> <!-- runScenario -->
  <testcase classname="StepDef.TestNGCucumberRunner" name="runScenario" time="5.977"/>
</testsuite> <!-- StepDef.TestNGCucumberRunner -->
